<?xml version="1.0" encoding="UTF-8"?>
<!-- Generated by org.testng.reporters.JUnitReportReporter -->
<testsuite hostname="LAPTOP-8EFH3UPD" failures="0" tests="3" name="com.amazon.testngFrameworl.AmazonTest" time="0.023" errors="0" timestamp="2023-12-04T16:33:34 PST" skipped="0">
  <testcase classname="com.amazon.testngFrameworl.AmazonTest" name="expectedException" time="0.005"/>
  <system-out/>
  <testcase classname="com.amazon.testngFrameworl.AmazonTest" name="searchTest" time="0.009"/>
  <system-out/>
  <testcase classname="com.amazon.testngFrameworl.AmazonTest" name="amazonTitleTest" time="0.009"/>
  <system-out/>
</testsuite> <!-- com.amazon.testngFrameworl.AmazonTest -->
