<?xml version="1.0" encoding="UTF-8"?>
<!-- Generated by org.testng.reporters.JUnitReportReporter -->
<testsuite hostname="LAPTOP-8EFH3UPD" failures="0" tests="1" name="com.amazon.testngFrameworl.AmazonKeywordTest" time="8.804" errors="0" timestamp="2023-12-04T16:46:15 PST" skipped="0">
  <testcase classname="com.amazon.testngFrameworl.AmazonKeywordTest" name="updateLocationLink" time="8.804"/>
  <system-out/>
</testsuite> <!-- com.amazon.testngFrameworl.AmazonKeywordTest -->
