<?xml version="1.0" encoding="UTF-8"?>
<!-- Generated by org.testng.reporters.JUnitReportReporter -->
<testsuite hostname="LAPTOP-8EFH3UPD" failures="0" tests="1" name="com.amazon.testngFrameworl.GoogleTest" time="5.447" errors="0" timestamp="2023-12-04T18:40:28 PST" skipped="0">
  <testcase classname="com.amazon.testngFrameworl.GoogleTest" name="googleLogin" time="5.447"/>
  <system-out/>
</testsuite> <!-- com.amazon.testngFrameworl.GoogleTest -->
